<?xml version="1.0" encoding="UTF-8"?>
<testsuite xmlns:xsi="http://www.w3.org/2001/XMLSchema-instance" xsi:noNamespaceSchemaLocation="https://maven.apache.org/surefire/maven-surefire-plugin/xsd/surefire-test-report-3.0.xsd" version="3.0" name="schemacrawler.integration.test.DiffTest" time="1.085" tests="3" errors="0" skipped="0" failures="0">
  <properties>
    <property name="sun.desktop" value="windows"/>
    <property name="awt.toolkit" value="sun.awt.windows.WToolkit"/>
    <property name="java.specification.version" value="1.8"/>
    <property name="file.encoding.pkg" value="sun.io"/>
    <property name="sun.cpu.isalist" value="amd64"/>
    <property name="sun.jnu.encoding" value="Cp1252"/>
    <property name="java.class.path" value="D:\_Other Projects\schemacrawler-diff\target\test-classes;D:\_Other Projects\schemacrawler-diff\target\classes;C:\Users\Sualeh Fatehi\.m2\repository\us\fatehi\schemacrawler-testdb\16.21.4\schemacrawler-testdb-16.21.4.jar;C:\Users\Sualeh Fatehi\.m2\repository\us\fatehi\schemacrawler-utility\16.21.4\schemacrawler-utility-16.21.4.jar;C:\Users\Sualeh Fatehi\.m2\repository\us\fatehi\schemacrawler-api\16.21.4\schemacrawler-api-16.21.4-tests.jar;C:\Users\Sualeh Fatehi\.m2\repository\us\fatehi\schemacrawler-tools\16.21.4\schemacrawler-tools-16.21.4-tests.jar;C:\Users\Sualeh Fatehi\.m2\repository\us\fatehi\schemacrawler-api\16.21.4\schemacrawler-api-16.21.4.jar;C:\Users\Sualeh Fatehi\.m2\repository\us\fatehi\schemacrawler-tools\16.21.4\schemacrawler-tools-16.21.4.jar;C:\Users\Sualeh Fatehi\.m2\repository\us\fatehi\schemacrawler-sqlite\16.21.4\schemacrawler-sqlite-16.21.4.jar;C:\Users\Sualeh Fatehi\.m2\repository\us\fatehi\schemacrawler\16.21.4\schemacrawler-16.21.4.jar;C:\Users\Sualeh Fatehi\.m2\repository\org\xerial\sqlite-jdbc\3.46.0.0\sqlite-jdbc-3.46.0.0.jar;C:\Users\Sualeh Fatehi\.m2\repository\de\danielbechler\java-object-diff\0.95\java-object-diff-0.95.jar;C:\Users\Sualeh Fatehi\.m2\repository\org\slf4j\slf4j-api\1.7.22\slf4j-api-1.7.22.jar;C:\Users\Sualeh Fatehi\.m2\repository\com\fasterxml\jackson\core\jackson-core\2.17.1\jackson-core-2.17.1.jar;C:\Users\Sualeh Fatehi\.m2\repository\com\fasterxml\jackson\core\jackson-databind\2.17.1\jackson-databind-2.17.1.jar;C:\Users\Sualeh Fatehi\.m2\repository\com\fasterxml\jackson\core\jackson-annotations\2.17.1\jackson-annotations-2.17.1.jar;C:\Users\Sualeh Fatehi\.m2\repository\com\fasterxml\jackson\dataformat\jackson-dataformat-yaml\2.17.1\jackson-dataformat-yaml-2.17.1.jar;C:\Users\Sualeh Fatehi\.m2\repository\org\yaml\snakeyaml\2.2\snakeyaml-2.2.jar;C:\Users\Sualeh Fatehi\.m2\repository\com\fasterxml\jackson\datatype\jackson-datatype-jsr310\2.17.1\jackson-datatype-jsr310-2.17.1.jar;C:\Users\Sualeh Fatehi\.m2\repository\org\hsqldb\hsqldb\2.7.3\hsqldb-2.7.3-jdk8.jar;C:\Users\Sualeh Fatehi\.m2\repository\org\junit\jupiter\junit-jupiter\5.10.2\junit-jupiter-5.10.2.jar;C:\Users\Sualeh Fatehi\.m2\repository\org\junit\jupiter\junit-jupiter-api\5.10.2\junit-jupiter-api-5.10.2.jar;C:\Users\Sualeh Fatehi\.m2\repository\org\opentest4j\opentest4j\1.3.0\opentest4j-1.3.0.jar;C:\Users\Sualeh Fatehi\.m2\repository\org\junit\platform\junit-platform-commons\1.10.2\junit-platform-commons-1.10.2.jar;C:\Users\Sualeh Fatehi\.m2\repository\org\apiguardian\apiguardian-api\1.1.2\apiguardian-api-1.1.2.jar;C:\Users\Sualeh Fatehi\.m2\repository\org\junit\jupiter\junit-jupiter-params\5.10.2\junit-jupiter-params-5.10.2.jar;C:\Users\Sualeh Fatehi\.m2\repository\org\junit\jupiter\junit-jupiter-engine\5.10.2\junit-jupiter-engine-5.10.2.jar;C:\Users\Sualeh Fatehi\.m2\repository\org\junit\platform\junit-platform-engine\1.10.2\junit-platform-engine-1.10.2.jar;C:\Users\Sualeh Fatehi\.m2\repository\org\hamcrest\hamcrest\2.2\hamcrest-2.2.jar;C:\Users\Sualeh Fatehi\.m2\repository\org\mockito\mockito-junit-jupiter\4.11.0\mockito-junit-jupiter-4.11.0.jar;C:\Users\Sualeh Fatehi\.m2\repository\org\mockito\mockito-core\4.11.0\mockito-core-4.11.0.jar;C:\Users\Sualeh Fatehi\.m2\repository\net\bytebuddy\byte-buddy-agent\1.12.19\byte-buddy-agent-1.12.19.jar;C:\Users\Sualeh Fatehi\.m2\repository\com\github\npathai\hamcrest-optional\2.0.0\hamcrest-optional-2.0.0.jar;C:\Users\Sualeh Fatehi\.m2\repository\org\hamcrest\hamcrest-core\1.3\hamcrest-core-1.3.jar;C:\Users\Sualeh Fatehi\.m2\repository\com\ginsberg\junit5-system-exit\1.1.2\junit5-system-exit-1.1.2.jar;C:\Users\Sualeh Fatehi\.m2\repository\nl\jqno\equalsverifier\equalsverifier\3.16.1\equalsverifier-3.16.1.jar;C:\Users\Sualeh Fatehi\.m2\repository\org\objenesis\objenesis\3.3\objenesis-3.3.jar;C:\Users\Sualeh Fatehi\.m2\repository\net\bytebuddy\byte-buddy\1.14.13\byte-buddy-1.14.13.jar;C:\Users\Sualeh Fatehi\.m2\repository\xmlunit\xmlunit\1.6\xmlunit-1.6.jar;C:\Users\Sualeh Fatehi\.m2\repository\com\github\stefanbirkner\system-lambda\1.2.1\system-lambda-1.2.1.jar;C:\Users\Sualeh Fatehi\.m2\repository\com\openpojo\openpojo\0.9.1\openpojo-0.9.1.jar;C:\Users\Sualeh Fatehi\.m2\repository\org\slf4j\slf4j-jdk14\2.0.13\slf4j-jdk14-2.0.13.jar;C:\Users\Sualeh Fatehi\.m2\repository\com\tngtech\archunit\archunit-junit5\1.3.0\archunit-junit5-1.3.0.jar;C:\Users\Sualeh Fatehi\.m2\repository\com\tngtech\archunit\archunit-junit5-api\1.3.0\archunit-junit5-api-1.3.0.jar;C:\Users\Sualeh Fatehi\.m2\repository\com\tngtech\archunit\archunit\1.3.0\archunit-1.3.0.jar;C:\Users\Sualeh Fatehi\.m2\repository\com\tngtech\archunit\archunit-junit5-engine\1.3.0\archunit-junit5-engine-1.3.0.jar;C:\Users\Sualeh Fatehi\.m2\repository\com\tngtech\archunit\archunit-junit5-engine-api\1.3.0\archunit-junit5-engine-api-1.3.0.jar;C:\Users\Sualeh Fatehi\.m2\repository\commons-io\commons-io\2.16.1\commons-io-2.16.1.jar;C:\Users\Sualeh Fatehi\.m2\repository\org\apache\commons\commons-dbcp2\2.12.0\commons-dbcp2-2.12.0.jar;C:\Users\Sualeh Fatehi\.m2\repository\org\apache\commons\commons-pool2\2.12.0\commons-pool2-2.12.0.jar;C:\Users\Sualeh Fatehi\.m2\repository\commons-logging\commons-logging\1.3.0\commons-logging-1.3.0.jar;C:\Users\Sualeh Fatehi\.m2\repository\jakarta\transaction\jakarta.transaction-api\1.3.3\jakarta.transaction-api-1.3.3.jar;C:\Users\Sualeh Fatehi\.m2\repository\commons-dbutils\commons-dbutils\1.8.1\commons-dbutils-1.8.1.jar;C:\Users\Sualeh Fatehi\.m2\repository\org\testcontainers\junit-jupiter\1.19.8\junit-jupiter-1.19.8.jar;C:\Users\Sualeh Fatehi\.m2\repository\org\testcontainers\testcontainers\1.19.8\testcontainers-1.19.8.jar;C:\Users\Sualeh Fatehi\.m2\repository\junit\junit\4.13.2\junit-4.13.2.jar;C:\Users\Sualeh Fatehi\.m2\repository\org\apache\commons\commons-compress\1.24.0\commons-compress-1.24.0.jar;C:\Users\Sualeh Fatehi\.m2\repository\org\rnorth\duct-tape\duct-tape\1.0.8\duct-tape-1.0.8.jar;C:\Users\Sualeh Fatehi\.m2\repository\org\jetbrains\annotations\17.0.0\annotations-17.0.0.jar;C:\Users\Sualeh Fatehi\.m2\repository\com\github\docker-java\docker-java-api\3.3.6\docker-java-api-3.3.6.jar;C:\Users\Sualeh Fatehi\.m2\repository\com\github\docker-java\docker-java-transport-zerodep\3.3.6\docker-java-transport-zerodep-3.3.6.jar;C:\Users\Sualeh Fatehi\.m2\repository\com\github\docker-java\docker-java-transport\3.3.6\docker-java-transport-3.3.6.jar;C:\Users\Sualeh Fatehi\.m2\repository\net\java\dev\jna\jna\5.13.0\jna-5.13.0.jar;C:\Users\Sualeh Fatehi\.m2\repository\org\apache\commons\commons-lang3\3.14.0\commons-lang3-3.14.0.jar;C:\Users\Sualeh Fatehi\.m2\repository\commons-beanutils\commons-beanutils\1.9.4\commons-beanutils-1.9.4.jar;C:\Users\Sualeh Fatehi\.m2\repository\commons-collections\commons-collections\3.2.2\commons-collections-3.2.2.jar;"/>
    <property name="java.vm.vendor" value="Oracle Corporation"/>
    <property name="sun.arch.data.model" value="64"/>
    <property name="user.variant" value=""/>
    <property name="java.vendor.url" value="http://java.oracle.com/"/>
    <property name="log4j2.formatMsgNoLookups" value="true"/>
    <property name="user.timezone" value="America/New_York"/>
    <property name="java.vm.specification.version" value="1.8"/>
    <property name="os.name" value="Windows 10"/>
    <property name="user.country" value="US"/>
    <property name="sun.java.launcher" value="SUN_STANDARD"/>
    <property name="sun.boot.library.path" value="C:\Program Files (x86)\jdk\jre\bin"/>
    <property name="sun.java.command" value="C:\Users\Sualeh Fatehi\AppData\Local\Temp\surefire6075635847380876854\surefirebooter-20240728180955307_3.jar C:\Users\Sualeh Fatehi\AppData\Local\Temp\surefire6075635847380876854 2024-07-28T18-09-54_915-jvmRun1 surefire-20240728180955307_1tmp surefire_0-20240728180955307_2tmp"/>
    <property name="surefire.test.class.path" value="D:\_Other Projects\schemacrawler-diff\target\test-classes;D:\_Other Projects\schemacrawler-diff\target\classes;C:\Users\Sualeh Fatehi\.m2\repository\us\fatehi\schemacrawler-testdb\16.21.4\schemacrawler-testdb-16.21.4.jar;C:\Users\Sualeh Fatehi\.m2\repository\us\fatehi\schemacrawler-utility\16.21.4\schemacrawler-utility-16.21.4.jar;C:\Users\Sualeh Fatehi\.m2\repository\us\fatehi\schemacrawler-api\16.21.4\schemacrawler-api-16.21.4-tests.jar;C:\Users\Sualeh Fatehi\.m2\repository\us\fatehi\schemacrawler-tools\16.21.4\schemacrawler-tools-16.21.4-tests.jar;C:\Users\Sualeh Fatehi\.m2\repository\us\fatehi\schemacrawler-api\16.21.4\schemacrawler-api-16.21.4.jar;C:\Users\Sualeh Fatehi\.m2\repository\us\fatehi\schemacrawler-tools\16.21.4\schemacrawler-tools-16.21.4.jar;C:\Users\Sualeh Fatehi\.m2\repository\us\fatehi\schemacrawler-sqlite\16.21.4\schemacrawler-sqlite-16.21.4.jar;C:\Users\Sualeh Fatehi\.m2\repository\us\fatehi\schemacrawler\16.21.4\schemacrawler-16.21.4.jar;C:\Users\Sualeh Fatehi\.m2\repository\org\xerial\sqlite-jdbc\3.46.0.0\sqlite-jdbc-3.46.0.0.jar;C:\Users\Sualeh Fatehi\.m2\repository\de\danielbechler\java-object-diff\0.95\java-object-diff-0.95.jar;C:\Users\Sualeh Fatehi\.m2\repository\org\slf4j\slf4j-api\1.7.22\slf4j-api-1.7.22.jar;C:\Users\Sualeh Fatehi\.m2\repository\com\fasterxml\jackson\core\jackson-core\2.17.1\jackson-core-2.17.1.jar;C:\Users\Sualeh Fatehi\.m2\repository\com\fasterxml\jackson\core\jackson-databind\2.17.1\jackson-databind-2.17.1.jar;C:\Users\Sualeh Fatehi\.m2\repository\com\fasterxml\jackson\core\jackson-annotations\2.17.1\jackson-annotations-2.17.1.jar;C:\Users\Sualeh Fatehi\.m2\repository\com\fasterxml\jackson\dataformat\jackson-dataformat-yaml\2.17.1\jackson-dataformat-yaml-2.17.1.jar;C:\Users\Sualeh Fatehi\.m2\repository\org\yaml\snakeyaml\2.2\snakeyaml-2.2.jar;C:\Users\Sualeh Fatehi\.m2\repository\com\fasterxml\jackson\datatype\jackson-datatype-jsr310\2.17.1\jackson-datatype-jsr310-2.17.1.jar;C:\Users\Sualeh Fatehi\.m2\repository\org\hsqldb\hsqldb\2.7.3\hsqldb-2.7.3-jdk8.jar;C:\Users\Sualeh Fatehi\.m2\repository\org\junit\jupiter\junit-jupiter\5.10.2\junit-jupiter-5.10.2.jar;C:\Users\Sualeh Fatehi\.m2\repository\org\junit\jupiter\junit-jupiter-api\5.10.2\junit-jupiter-api-5.10.2.jar;C:\Users\Sualeh Fatehi\.m2\repository\org\opentest4j\opentest4j\1.3.0\opentest4j-1.3.0.jar;C:\Users\Sualeh Fatehi\.m2\repository\org\junit\platform\junit-platform-commons\1.10.2\junit-platform-commons-1.10.2.jar;C:\Users\Sualeh Fatehi\.m2\repository\org\apiguardian\apiguardian-api\1.1.2\apiguardian-api-1.1.2.jar;C:\Users\Sualeh Fatehi\.m2\repository\org\junit\jupiter\junit-jupiter-params\5.10.2\junit-jupiter-params-5.10.2.jar;C:\Users\Sualeh Fatehi\.m2\repository\org\junit\jupiter\junit-jupiter-engine\5.10.2\junit-jupiter-engine-5.10.2.jar;C:\Users\Sualeh Fatehi\.m2\repository\org\junit\platform\junit-platform-engine\1.10.2\junit-platform-engine-1.10.2.jar;C:\Users\Sualeh Fatehi\.m2\repository\org\hamcrest\hamcrest\2.2\hamcrest-2.2.jar;C:\Users\Sualeh Fatehi\.m2\repository\org\mockito\mockito-junit-jupiter\4.11.0\mockito-junit-jupiter-4.11.0.jar;C:\Users\Sualeh Fatehi\.m2\repository\org\mockito\mockito-core\4.11.0\mockito-core-4.11.0.jar;C:\Users\Sualeh Fatehi\.m2\repository\net\bytebuddy\byte-buddy-agent\1.12.19\byte-buddy-agent-1.12.19.jar;C:\Users\Sualeh Fatehi\.m2\repository\com\github\npathai\hamcrest-optional\2.0.0\hamcrest-optional-2.0.0.jar;C:\Users\Sualeh Fatehi\.m2\repository\org\hamcrest\hamcrest-core\1.3\hamcrest-core-1.3.jar;C:\Users\Sualeh Fatehi\.m2\repository\com\ginsberg\junit5-system-exit\1.1.2\junit5-system-exit-1.1.2.jar;C:\Users\Sualeh Fatehi\.m2\repository\nl\jqno\equalsverifier\equalsverifier\3.16.1\equalsverifier-3.16.1.jar;C:\Users\Sualeh Fatehi\.m2\repository\org\objenesis\objenesis\3.3\objenesis-3.3.jar;C:\Users\Sualeh Fatehi\.m2\repository\net\bytebuddy\byte-buddy\1.14.13\byte-buddy-1.14.13.jar;C:\Users\Sualeh Fatehi\.m2\repository\xmlunit\xmlunit\1.6\xmlunit-1.6.jar;C:\Users\Sualeh Fatehi\.m2\repository\com\github\stefanbirkner\system-lambda\1.2.1\system-lambda-1.2.1.jar;C:\Users\Sualeh Fatehi\.m2\repository\com\openpojo\openpojo\0.9.1\openpojo-0.9.1.jar;C:\Users\Sualeh Fatehi\.m2\repository\org\slf4j\slf4j-jdk14\2.0.13\slf4j-jdk14-2.0.13.jar;C:\Users\Sualeh Fatehi\.m2\repository\com\tngtech\archunit\archunit-junit5\1.3.0\archunit-junit5-1.3.0.jar;C:\Users\Sualeh Fatehi\.m2\repository\com\tngtech\archunit\archunit-junit5-api\1.3.0\archunit-junit5-api-1.3.0.jar;C:\Users\Sualeh Fatehi\.m2\repository\com\tngtech\archunit\archunit\1.3.0\archunit-1.3.0.jar;C:\Users\Sualeh Fatehi\.m2\repository\com\tngtech\archunit\archunit-junit5-engine\1.3.0\archunit-junit5-engine-1.3.0.jar;C:\Users\Sualeh Fatehi\.m2\repository\com\tngtech\archunit\archunit-junit5-engine-api\1.3.0\archunit-junit5-engine-api-1.3.0.jar;C:\Users\Sualeh Fatehi\.m2\repository\commons-io\commons-io\2.16.1\commons-io-2.16.1.jar;C:\Users\Sualeh Fatehi\.m2\repository\org\apache\commons\commons-dbcp2\2.12.0\commons-dbcp2-2.12.0.jar;C:\Users\Sualeh Fatehi\.m2\repository\org\apache\commons\commons-pool2\2.12.0\commons-pool2-2.12.0.jar;C:\Users\Sualeh Fatehi\.m2\repository\commons-logging\commons-logging\1.3.0\commons-logging-1.3.0.jar;C:\Users\Sualeh Fatehi\.m2\repository\jakarta\transaction\jakarta.transaction-api\1.3.3\jakarta.transaction-api-1.3.3.jar;C:\Users\Sualeh Fatehi\.m2\repository\commons-dbutils\commons-dbutils\1.8.1\commons-dbutils-1.8.1.jar;C:\Users\Sualeh Fatehi\.m2\repository\org\testcontainers\junit-jupiter\1.19.8\junit-jupiter-1.19.8.jar;C:\Users\Sualeh Fatehi\.m2\repository\org\testcontainers\testcontainers\1.19.8\testcontainers-1.19.8.jar;C:\Users\Sualeh Fatehi\.m2\repository\junit\junit\4.13.2\junit-4.13.2.jar;C:\Users\Sualeh Fatehi\.m2\repository\org\apache\commons\commons-compress\1.24.0\commons-compress-1.24.0.jar;C:\Users\Sualeh Fatehi\.m2\repository\org\rnorth\duct-tape\duct-tape\1.0.8\duct-tape-1.0.8.jar;C:\Users\Sualeh Fatehi\.m2\repository\org\jetbrains\annotations\17.0.0\annotations-17.0.0.jar;C:\Users\Sualeh Fatehi\.m2\repository\com\github\docker-java\docker-java-api\3.3.6\docker-java-api-3.3.6.jar;C:\Users\Sualeh Fatehi\.m2\repository\com\github\docker-java\docker-java-transport-zerodep\3.3.6\docker-java-transport-zerodep-3.3.6.jar;C:\Users\Sualeh Fatehi\.m2\repository\com\github\docker-java\docker-java-transport\3.3.6\docker-java-transport-3.3.6.jar;C:\Users\Sualeh Fatehi\.m2\repository\net\java\dev\jna\jna\5.13.0\jna-5.13.0.jar;C:\Users\Sualeh Fatehi\.m2\repository\org\apache\commons\commons-lang3\3.14.0\commons-lang3-3.14.0.jar;C:\Users\Sualeh Fatehi\.m2\repository\commons-beanutils\commons-beanutils\1.9.4\commons-beanutils-1.9.4.jar;C:\Users\Sualeh Fatehi\.m2\repository\commons-collections\commons-collections\3.2.2\commons-collections-3.2.2.jar;"/>
    <property name="sun.cpu.endian" value="little"/>
    <property name="user.home" value="C:\Users\Sualeh Fatehi"/>
    <property name="user.language" value="en"/>
    <property name="java.specification.vendor" value="Oracle Corporation"/>
    <property name="java.home" value="C:\Program Files (x86)\jdk\jre"/>
    <property name="basedir" value="D:\_Other Projects\schemacrawler-diff"/>
    <property name="file.separator" value="\"/>
    <property name="line.separator" value="&#10;"/>
    <property name="java.vm.specification.vendor" value="Oracle Corporation"/>
    <property name="java.specification.name" value="Java Platform API Specification"/>
    <property name="java.awt.graphicsenv" value="sun.awt.Win32GraphicsEnvironment"/>
    <property name="surefire.real.class.path" value="C:\Users\Sualeh Fatehi\AppData\Local\Temp\surefire6075635847380876854\surefirebooter-20240728180955307_3.jar"/>
    <property name="sun.boot.class.path" value="C:\Program Files (x86)\jdk\jre\lib\resources.jar;C:\Program Files (x86)\jdk\jre\lib\rt.jar;C:\Program Files (x86)\jdk\jre\lib\sunrsasign.jar;C:\Program Files (x86)\jdk\jre\lib\jsse.jar;C:\Program Files (x86)\jdk\jre\lib\jce.jar;C:\Program Files (x86)\jdk\jre\lib\charsets.jar;C:\Program Files (x86)\jdk\jre\lib\jfr.jar;C:\Program Files (x86)\jdk\jre\classes"/>
    <property name="user.script" value=""/>
    <property name="polyglot.engine.WarnInterpreterOnly" value="false"/>
    <property name="sun.management.compiler" value="HotSpot 64-Bit Tiered Compilers"/>
    <property name="java.runtime.version" value="1.8.0_151-b12"/>
    <property name="user.name" value="Sualeh Fatehi"/>
    <property name="path.separator" value=";"/>
    <property name="os.version" value="10.0"/>
    <property name="java.endorsed.dirs" value="C:\Program Files (x86)\jdk\jre\lib\endorsed"/>
    <property name="java.runtime.name" value="Java(TM) SE Runtime Environment"/>
    <property name="file.encoding" value="Cp1252"/>
    <property name="java.util.logging.config.class" value="us.fatehi.utility.LoggingConfig"/>
    <property name="java.vm.name" value="Java HotSpot(TM) 64-Bit Server VM"/>
    <property name="localRepository" value="C:\Users\Sualeh Fatehi\.m2\repository"/>
    <property name="java.vendor.url.bug" value="http://bugreport.sun.com/bugreport/"/>
    <property name="java.io.tmpdir" value="C:\Users\SUALEH~1\AppData\Local\Temp\"/>
    <property name="java.version" value="1.8.0_151"/>
    <property name="user.dir" value="D:\_Other Projects\schemacrawler-diff"/>
    <property name="os.arch" value="amd64"/>
    <property name="java.vm.specification.name" value="Java Virtual Machine Specification"/>
    <property name="java.awt.printerjob" value="sun.awt.windows.WPrinterJob"/>
    <property name="sun.os.patch.level" value=""/>
    <property name="org.slf4j.simpleLogger.defaultLogLevel" value="off"/>
    <property name="java.library.path" value="C:\Program Files (x86)\jdk\jre\bin;C:\WINDOWS\Sun\Java\bin;C:\WINDOWS\system32;C:\WINDOWS;D:\miniconda3;D:\miniconda3\Library\mingw-w64\bin;D:\miniconda3\Library\usr\bin;D:\miniconda3\Library\bin;D:\miniconda3\Scripts;D:\miniconda3\bin;D:\miniconda3\condabin;C:\Users\Sualeh Fatehi\bin;C:\Program Files\Git\mingw64\bin;C:\Program Files\Git\usr\local\bin;C:\Program Files\Git\usr\bin;C:\Program Files\Git\usr\bin;C:\Program Files\Git\mingw64\bin;C:\Program Files\Git\usr\bin;C:\Users\Sualeh Fatehi\bin;C:\Python312\Scripts;C:\Python312;C:\Program Files (x86)\jdk\bin;C:\Program Files\PowerShell\7;C:\Program Files (x86)\jdk\bin;C:\Program Files\PowerShell\7;C:\Python310\Scripts;C:\Python310;C:\Program Files\Java\jdk-17\bin;C:\Windows\System32;C:\Windows;C:\Windows\System32\wbem;C:\Windows\System32\WindowsPowerShell\v1.0;C:\Windows\System32\OpenSSH;C:\Program Files (x86)\NVIDIA Corporation\PhysX\Common;C:\Program Files\NVIDIA Corporation\NVIDIA NvDLISR;C:\ProgramData\chocolatey\bin;C:\Program Files\dotnet;C:\Program Files\Graphviz\bin;C:\WINDOWS\system32;C:\WINDOWS;C:\WINDOWS\System32\Wbem;C:\WINDOWS\System32\WindowsPowerShell\v1.0;C:\WINDOWS\System32\OpenSSH;C:\Users\Sualeh Fatehi\AppData\Roaming\nvm;C:\Program Files\nodejs;C:\Program Files\nodejs;C:\Users\Sualeh Fatehi\AppData\Roaming\Python\Scripts;C:\Users\Su;C:\Program Files\Git\cmd;C:\Program Files\Amazon\AWSCLIV2;C:\Program Files (x86)\GnuPG\bin;C:\Program Files (x86)\Go\bin;C:\Program Files\Docker\Docker\resources\bin;C:\Program Files\PowerShell\7;C:\Users\Sualeh Fatehi\scoop\apps\maven\current\bin;D:\miniconda3;D:\miniconda3\Library\mingw-w64\bin;D:\miniconda3\Library\usr\bin;D:\miniconda3\Library\bin;D:\miniconda3\Scripts;C:\Users\Sualeh Fatehi\scoop\apps\photosrenamer\current\bin;C:\Users\Sualeh Fatehi\scoop\apps\ant\current\bin;C:\Users\Sualeh Fatehi\scoop\shims;C:\Users\Sualeh Fatehi\AppData\Local\Microsoft\WindowsApps;C:\Users\Sualeh Fatehi\AppData\Local\Programs\Microsoft VS Code\bin;C:\Program Files\JetBrains\PyCharm 2022.2\bin;C:\Users\Sualeh Fatehi\AppData\Local\Microsoft\WindowsApps;C:\Users\Sualeh Fatehi\AppData\Roaming\nvm;C:\Program Files\nodejs;C:\Users\Sualeh Fatehi\AppData\Roaming\npm;C:\Users\Sualeh Fatehi\.dotnet\tools;C:\Users\Sualeh Fatehi\go\bin;C:\Program Files\Git\usr\bin\vendor_perl;C:\Program Files\Git\usr\bin\core_perl;."/>
    <property name="java.vm.info" value="mixed mode"/>
    <property name="java.vendor" value="Oracle Corporation"/>
    <property name="java.vm.version" value="25.151-b12"/>
    <property name="java.ext.dirs" value="C:\Program Files (x86)\jdk\jre\lib\ext;C:\WINDOWS\Sun\Java\lib\ext"/>
    <property name="sun.io.unicode.encoding" value="UnicodeLittle"/>
    <property name="java.class.version" value="52.0"/>
  </properties>
  <testcase name="diffCatalog(TestContext)" classname="schemacrawler.integration.test.DiffTest" time="0.912">
    <system-err><![CDATA[SLF4J: Failed to load class "org.slf4j.impl.StaticLoggerBinder".
SLF4J: Defaulting to no-operation (NOP) logger implementation
SLF4J: See http://www.slf4j.org/codes.html#StaticLoggerBinder for further details.
]]></system-err>
  </testcase>
  <testcase name="printSchema1(TestContext)" classname="schemacrawler.integration.test.DiffTest" time="0.088"/>
  <testcase name="printSchema2(TestContext)" classname="schemacrawler.integration.test.DiffTest" time="0.047"/>
</testsuite>